2015/06/10 16:45:02.323: Logging in ... 
2018/08/08 14:34:46.959: Logging in ... 
2018/08/08 14:34:46.980: Account OK! 
2018/08/08 14:34:47.078: PServer Login Status: HostId#87, Stat=4 
2018/08/08 14:34:47.079: PServer Login Status: HostId#88, Stat=4 
2018/08/08 14:58:48.246: Logging in ... 
2018/08/08 14:58:48.302: Account OK! 
2018/08/08 14:59:20.721: Load Data Reply: acc:DEMO201807219, mask:32, return:0 
2018/08/08 14:59:29.288: Load Data Reply: acc:DEMO201807219, mask:256, return:0 
2018/08/08 14:59:29.323: Load Data End: acc:DEMO201807219, mask:256 
0000/00/00 00:00:00.366: Start Logout ... 
0000/00/00 00:00:00.434: Logout OK! 
2018/08/08 14:59:51.251: TServer Login Status: 2 
2018/08/08 14:59:51.254: TServer Login Status: 4 
0000/00/00 00:00:00.264: Logging in ... 
0000/00/00 00:00:00.321: TServer Login Status: 5 
2018/08/08 14:59:51.328: Login OK ! 
0000/00/00 00:00:00.335: Account OK! 
2018/08/08 14:59:56.738: TServer Login Status: 6 
2018/08/08 14:59:56.739: PServer Login Status: HostId#83, Stat=6 
2018/08/08 14:59:56.740: PServer Login Status: HostId#87, Stat=6 
2018/08/08 14:59:56.740: PServer Login Status: HostId#88, Stat=6 
2018/08/08 14:59:56.741: Start Logout ... 
0000/00/00 00:00:00.892: Logout OK! 
2018/08/08 15:00:00.125: TServer Login Status: 2 
2018/08/08 15:00:00.143: TServer Login Status: 4 
0000/00/00 00:00:00.176: Logging in ... 
0000/00/00 00:00:00.225: TServer Login Status: 5 
2018/08/08 15:00:00.242: Login OK ! 
0000/00/00 00:00:00.258: Account OK! 
2018/08/08 15:00:52.249: Logging in ... 
2018/08/08 15:00:52.444: Account OK! 
2018/08/08 15:42:58.097: Logging in ... 
2018/08/08 15:42:58.137: Account OK! 
2018/08/08 16:14:31.817: Logging in ... 
2018/08/08 16:14:31.881: Account OK! 
2018/08/08 16:15:13.431: Logging in ... 
2018/08/08 16:15:13.463: Account OK! 
2018/08/08 16:39:28.915: Logging in ... 
2018/08/08 16:39:28.949: Account OK! 
2018/08/08 16:39:46.683: Logging in ... 
2018/08/08 16:39:46.730: Account OK! 
2018/08/08 16:52:02.937: Logging in ... 
2018/08/08 16:52:02.975: Account OK! 
2018/08/08 16:57:47.797: Logging in ... 
2018/08/08 16:57:47.966: Account OK! 
2018/08/08 16:57:57.868: Load Data Reply: acc:DEMO201807219, mask:256, return:0 
2018/08/08 16:57:57.888: Load Data End: acc:DEMO201807219, mask:256 
2018/08/08 16:59:07.819: Load Data Reply: acc:DEMO201807219, mask:32, return:0 
2018/08/08 17:09:25.687: Logging in ... 
2018/08/08 17:09:25.722: Account OK! 
2018/08/08 17:26:02.858: Logging in ... 
2018/08/08 17:26:02.904: Account OK! 
2018/08/08 17:59:17.764: Logging in ... 
2018/08/08 17:59:17.798: Account OK! 
2018/08/08 18:00:26.016: Logging in ... 
2018/08/08 18:00:26.046: Account OK! 
2018/08/08 18:00:26.170: PServer Login Status: HostId#87, Stat=4 
2018/08/08 18:02:37.387: Start Logout ... 
2018/08/08 18:02:37.603: PServer Login Status: HostId#88, Stat=1 
2018/08/08 18:02:37.663: TServer Login Status: 2 
2018/08/08 18:02:37.680: TServer Login Status: 4 
0000/00/00 00:00:00.697: Logging in ... 
2018/08/08 18:02:37.698: PServer Login Status: HostId#83, Stat=11 
2018/08/08 18:02:37.710: PServer Login Status: HostId#87, Stat=11 
0000/00/00 00:00:00.721: TServer Login Status: 5 
2018/08/08 18:02:37.736: Login OK ! 
0000/00/00 00:00:00.749: Account OK! 
2018/08/08 18:02:37.870: Load Data Reply: acc:DEMO201807219, mask:256, return:0 
2018/08/08 18:03:16.760: Logging in ... 
2018/08/08 18:03:30.949: TServer Login Status: 2 
2018/08/08 18:03:30.950: TServer Login Status: 4 
0000/00/00 00:00:00.951: Logging in ... 
2018/08/08 18:03:31.596: TServer Login Status: 2 
2018/08/08 18:03:31.597: TServer Login Status: 4 
0000/00/00 00:00:00.598: Logging in ... 
2018/08/08 18:03:31.780: TServer Login Status: 2 
2018/08/08 18:03:31.781: TServer Login Status: 4 
0000/00/00 00:00:00.783: Logging in ... 
2018/08/08 18:03:31.944: TServer Login Status: 2 
2018/08/08 18:03:31.945: TServer Login Status: 4 
0000/00/00 00:00:00.945: Logging in ... 
2018/08/08 18:03:32.114: TServer Login Status: 2 
2018/08/08 18:03:32.115: TServer Login Status: 4 
0000/00/00 00:00:00.116: Logging in ... 
2018/08/08 18:03:32.292: TServer Login Status: 2 
2018/08/08 18:03:32.293: TServer Login Status: 4 
0000/00/00 00:00:00.293: Logging in ... 
2018/08/08 18:04:18.499: TServer Login Status: 2 
2018/08/08 18:04:18.500: TServer Login Status: 4 
0000/00/00 00:00:00.501: Logging in ... 
2018/08/08 18:04:19.156: TServer Login Status: 2 
2018/08/08 18:04:19.157: TServer Login Status: 4 
0000/00/00 00:00:00.158: Logging in ... 
2018/08/08 18:04:19.516: TServer Login Status: 2 
2018/08/08 18:04:19.517: TServer Login Status: 4 
0000/00/00 00:00:00.517: Logging in ... 
2018/08/08 18:04:19.692: TServer Login Status: 0 
2018/08/08 18:04:19.881: TServer Login Status: 2 
2018/08/08 18:04:19.882: TServer Login Status: 4 
0000/00/00 00:00:00.882: Logging in ... 
2018/08/08 18:04:20.019: TServer Login Status: 2 
2018/08/08 18:04:20.020: TServer Login Status: 4 
0000/00/00 00:00:00.021: Logging in ... 
2018/08/08 18:04:20.188: TServer Login Status: 2 
2018/08/08 18:04:20.189: TServer Login Status: 4 
0000/00/00 00:00:00.190: Logging in ... 
2018/08/08 18:04:20.353: TServer Login Status: 2 
2018/08/08 18:04:20.354: TServer Login Status: 4 
0000/00/00 00:00:00.355: Logging in ... 
2018/08/08 18:04:20.518: TServer Login Status: 2 
2018/08/08 18:04:20.519: TServer Login Status: 4 
0000/00/00 00:00:00.520: Logging in ... 
2018/08/08 18:04:20.717: TServer Login Status: 0 
2018/08/08 18:04:20.882: TServer Login Status: 0 
2018/08/08 18:04:21.039: TServer Login Status: 0 
2018/08/08 18:04:21.278: TServer Login Status: 2 
2018/08/08 18:04:21.279: TServer Login Status: 4 
0000/00/00 00:00:00.280: Logging in ... 
2018/08/08 18:04:21.432: TServer Login Status: 2 
2018/08/08 18:04:21.433: TServer Login Status: 4 
0000/00/00 00:00:00.434: Logging in ... 
2018/08/08 18:04:21.588: TServer Login Status: 2 
2018/08/08 18:04:21.589: TServer Login Status: 4 
0000/00/00 00:00:00.590: Logging in ... 
2018/08/08 18:04:47.541: Logging in ... 
2018/08/08 18:04:52.019: TServer Login Status: 2 
2018/08/08 18:04:52.020: TServer Login Status: 4 
0000/00/00 00:00:00.021: Logging in ... 
2018/08/08 18:05:11.842: TServer Login Status: 2 
2018/08/08 18:05:11.843: TServer Login Status: 4 
0000/00/00 00:00:00.844: Logging in ... 
2018/08/08 18:05:12.584: TServer Login Status: 2 
2018/08/08 18:05:12.585: TServer Login Status: 4 
0000/00/00 00:00:00.586: Logging in ... 
2018/08/08 18:05:29.683: TServer Login Status: 2 
2018/08/08 18:05:29.684: TServer Login Status: 4 
0000/00/00 00:00:00.685: Logging in ... 
2018/08/08 18:05:29.996: TServer Login Status: 2 
2018/08/08 18:05:29.997: TServer Login Status: 4 
0000/00/00 00:00:00.998: Logging in ... 
2018/08/08 18:05:30.123: TServer Login Status: 2 
2018/08/08 18:05:30.125: TServer Login Status: 4 
0000/00/00 00:00:00.125: Logging in ... 
2018/08/08 18:05:30.262: TServer Login Status: 2 
2018/08/08 18:05:30.263: TServer Login Status: 4 
0000/00/00 00:00:00.264: Logging in ... 
2018/08/09 09:06:19.761: Logging in ... 
2018/08/09 09:06:20.915: TServer Login Status: 2 
2018/08/09 09:06:20.918: TServer Login Status: 4 
0000/00/00 00:00:00.920: Logging in ... 
2018/08/09 09:06:21.634: TServer Login Status: 2 
2018/08/09 09:06:21.638: TServer Login Status: 4 
0000/00/00 00:00:00.642: Logging in ... 
2018/08/09 09:07:37.656: Logging in ... 
2018/08/09 09:07:40.166: TServer Login Status: 2 
2018/08/09 09:07:40.170: TServer Login Status: 4 
0000/00/00 00:00:00.174: Logging in ... 
2018/08/09 09:07:40.778: TServer Login Status: 2 
2018/08/09 09:07:40.782: TServer Login Status: 4 
0000/00/00 00:00:00.787: Logging in ... 
2018/08/09 09:07:45.855: TServer Login Status: 2 
2018/08/09 09:07:45.861: TServer Login Status: 4 
0000/00/00 00:00:00.866: Logging in ... 
2018/08/09 09:07:46.535: TServer Login Status: 0 
2018/08/09 09:07:46.869: TServer Login Status: 2 
2018/08/09 09:07:46.875: TServer Login Status: 4 
0000/00/00 00:00:00.881: Logging in ... 
2018/08/09 09:07:55.453: TServer Login Status: 2 
2018/08/09 09:07:55.457: TServer Login Status: 4 
0000/00/00 00:00:00.463: Logging in ... 
2018/08/09 09:07:56.000: TServer Login Status: 2 
2018/08/09 09:07:56.007: TServer Login Status: 4 
0000/00/00 00:00:00.011: Logging in ... 
2018/08/09 09:07:56.121: TServer Login Status: 2 
2018/08/09 09:07:56.128: TServer Login Status: 4 
0000/00/00 00:00:00.132: Logging in ... 
2018/08/09 09:07:56.291: TServer Login Status: 2 
2018/08/09 09:07:56.296: TServer Login Status: 4 
0000/00/00 00:00:00.301: Logging in ... 
2018/08/09 09:07:56.444: TServer Login Status: 2 
2018/08/09 09:07:56.447: TServer Login Status: 4 
0000/00/00 00:00:00.449: Logging in ... 
2018/08/09 09:07:56.602: TServer Login Status: 2 
2018/08/09 09:07:56.605: TServer Login Status: 4 
0000/00/00 00:00:00.606: Logging in ... 
2018/08/09 09:07:56.767: TServer Login Status: 2 
2018/08/09 09:07:56.768: TServer Login Status: 4 
0000/00/00 00:00:00.769: Logging in ... 
2018/08/09 09:07:56.937: TServer Login Status: 2 
2018/08/09 09:07:56.938: TServer Login Status: 4 
0000/00/00 00:00:00.939: Logging in ... 
2018/08/09 09:07:57.225: TServer Login Status: 2 
2018/08/09 09:07:57.228: TServer Login Status: 4 
0000/00/00 00:00:00.231: Logging in ... 
2018/08/09 09:07:57.388: TServer Login Status: 2 
2018/08/09 09:07:57.390: TServer Login Status: 4 
0000/00/00 00:00:00.390: Logging in ... 
2018/08/09 09:07:57.561: TServer Login Status: 2 
2018/08/09 09:07:57.566: TServer Login Status: 4 
0000/00/00 00:00:00.570: Logging in ... 
2018/08/09 09:07:57.727: TServer Login Status: 2 
2018/08/09 09:07:57.731: TServer Login Status: 4 
0000/00/00 00:00:00.735: Logging in ... 
2018/08/09 09:07:57.888: TServer Login Status: 2 
2018/08/09 09:07:57.888: TServer Login Status: 4 
0000/00/00 00:00:00.889: Logging in ... 
2018/08/09 09:07:58.225: TServer Login Status: 2 
2018/08/09 09:07:58.226: TServer Login Status: 4 
0000/00/00 00:00:00.226: Logging in ... 
2018/08/09 09:07:58.398: TServer Login Status: 2 
2018/08/09 09:07:58.401: TServer Login Status: 4 
0000/00/00 00:00:00.403: Logging in ... 
2018/08/09 09:07:59.116: TServer Login Status: 2 
2018/08/09 09:07:59.120: TServer Login Status: 4 
0000/00/00 00:00:00.123: Logging in ... 
2018/08/09 09:07:59.946: TServer Login Status: 0 
2018/08/09 09:08:00.034: TServer Login Status: 2 
2018/08/09 09:08:00.036: TServer Login Status: 4 
0000/00/00 00:00:00.037: Logging in ... 
2018/08/09 09:08:00.422: TServer Login Status: 2 
2018/08/09 09:08:00.429: TServer Login Status: 4 
0000/00/00 00:00:00.433: Logging in ... 
2018/08/09 09:08:00.740: TServer Login Status: 2 
2018/08/09 09:08:00.743: TServer Login Status: 4 
0000/00/00 00:00:00.745: Logging in ... 
2018/08/09 09:08:00.949: TServer Login Status: 0 
2018/08/09 09:08:05.088: TServer Login Status: 2 
2018/08/09 09:08:05.092: TServer Login Status: 4 
0000/00/00 00:00:00.098: Logging in ... 
2018/08/09 09:08:07.894: TServer Login Status: 2 
2018/08/09 09:08:07.896: TServer Login Status: 4 
0000/00/00 00:00:00.896: Logging in ... 
2018/08/09 09:08:13.950: TServer Login Status: 2 
2018/08/09 09:08:13.951: TServer Login Status: 4 
0000/00/00 00:00:00.952: Logging in ... 
2018/08/09 09:11:50.588: TServer Login Status: 2 
2018/08/09 09:11:50.589: TServer Login Status: 4 
0000/00/00 00:00:00.590: Logging in ... 
2018/08/09 09:11:51.753: TServer Login Status: 2 
2018/08/09 09:11:51.758: TServer Login Status: 4 
0000/00/00 00:00:00.762: Logging in ... 
2018/08/09 09:46:46.719: TServer Login Status: 2 
2018/08/09 09:46:46.723: TServer Login Status: 4 
0000/00/00 00:00:00.730: Logging in ... 
2018/08/09 09:46:57.042: Logging in ... 
2018/08/09 09:46:57.190: Account OK! 
2018/08/09 10:29:56.178: Logging in ... 
2018/08/09 10:29:56.203: Account OK! 
2018/08/09 11:00:08.372: Logging in ... 
2018/08/09 11:00:08.418: Account OK! 
2018/08/09 11:01:26.842: Logging in ... 
2018/08/09 11:01:26.877: Account OK! 
2018/08/09 11:01:57.888: Logging in ... 
2018/08/09 11:01:57.938: Account OK! 
2018/08/09 11:06:03.670: Logging in ... 
2018/08/09 11:06:03.722: Account OK! 
2018/08/09 11:46:20.319: Logging in ... 
2018/08/09 11:46:20.350: Account OK! 
2018/08/09 11:50:47.813: Start Logout ... 
2018/08/09 11:50:47.932: PServer Login Status: HostId#87, Stat=1 
2018/08/09 11:50:47.935: PServer Login Status: HostId#88, Stat=1 
2018/08/09 11:50:47.943: TServer Login Status: 0 
2018/08/09 11:50:48.445: PServer Login Status: HostId#87, Stat=1 
2018/08/09 11:50:48.448: PServer Login Status: HostId#88, Stat=1 
2018/08/09 11:50:48.456: TServer Login Status: 0 
2018/08/09 11:50:48.966: PServer Login Status: HostId#87, Stat=1 
2018/08/09 11:50:48.970: PServer Login Status: HostId#88, Stat=1 
2018/08/09 11:50:48.978: TServer Login Status: 0 
2018/08/09 11:50:49.478: PServer Login Status: HostId#87, Stat=1 
2018/08/09 11:50:49.480: PServer Login Status: HostId#88, Stat=1 
2018/08/09 11:50:49.486: TServer Login Status: 0 
2018/08/09 11:50:50.004: PServer Login Status: HostId#87, Stat=1 
2018/08/09 11:50:50.013: PServer Login Status: HostId#88, Stat=1 
2018/08/09 11:50:50.023: TServer Login Status: 0 
2018/08/09 11:50:50.508: PServer Login Status: HostId#87, Stat=1 
2018/08/09 11:50:50.510: PServer Login Status: HostId#88, Stat=1 
2018/08/09 11:50:50.514: TServer Login Status: 0 
2018/08/09 11:50:51.023: PServer Login Status: HostId#87, Stat=1 
2018/08/09 11:50:51.026: PServer Login Status: HostId#88, Stat=1 
2018/08/09 11:50:51.033: TServer Login Status: 0 
2018/08/09 11:50:51.546: PServer Login Status: HostId#87, Stat=1 
2018/08/09 11:50:51.553: PServer Login Status: HostId#88, Stat=1 
2018/08/09 11:50:51.567: TServer Login Status: 0 
2018/08/09 11:50:52.768: PServer Login Status: HostId#87, Stat=1 
2018/08/09 11:50:53.010: PServer Login Status: HostId#88, Stat=1 
2018/08/09 11:50:53.510: TServer Login Status: 0 
2018/08/09 11:50:53.799: PServer Login Status: HostId#87, Stat=1 
2018/08/09 11:50:53.802: PServer Login Status: HostId#88, Stat=1 
2018/08/09 11:50:53.808: TServer Login Status: 0 
2018/08/09 11:50:54.323: PServer Login Status: HostId#87, Stat=1 
2018/08/09 11:50:54.334: PServer Login Status: HostId#88, Stat=1 
2018/08/09 11:50:54.346: TServer Login Status: 0 
2018/08/09 11:50:54.836: PServer Login Status: HostId#87, Stat=1 
2018/08/09 11:50:54.847: PServer Login Status: HostId#88, Stat=1 
2018/08/09 11:50:54.857: TServer Login Status: 0 
2018/08/09 11:50:55.351: PServer Login Status: HostId#87, Stat=1 
2018/08/09 11:50:55.358: PServer Login Status: HostId#88, Stat=1 
2018/08/09 11:50:55.371: TServer Login Status: 0 
2018/08/09 11:50:55.856: PServer Login Status: HostId#87, Stat=1 
2018/08/09 11:50:55.862: PServer Login Status: HostId#88, Stat=1 
2018/08/09 11:50:55.869: TServer Login Status: 0 
2018/08/09 11:50:56.383: PServer Login Status: HostId#87, Stat=1 
2018/08/09 11:50:56.395: PServer Login Status: HostId#88, Stat=1 
2018/08/09 11:50:56.413: TServer Login Status: 0 
2018/08/09 11:50:56.891: PServer Login Status: HostId#87, Stat=1 
2018/08/09 11:50:56.899: PServer Login Status: HostId#88, Stat=1 
2018/08/09 11:50:56.909: TServer Login Status: 0 
2018/08/09 11:50:57.414: PServer Login Status: HostId#87, Stat=1 
2018/08/09 11:50:57.426: PServer Login Status: HostId#88, Stat=1 
2018/08/09 11:50:57.446: TServer Login Status: 0 
2018/08/09 11:50:57.921: PServer Login Status: HostId#87, Stat=1 
2018/08/09 11:50:57.928: PServer Login Status: HostId#88, Stat=1 
2018/08/09 11:50:57.939: TServer Login Status: 0 
2018/08/09 11:50:58.444: PServer Login Status: HostId#87, Stat=1 
2018/08/09 11:50:58.454: PServer Login Status: HostId#88, Stat=1 
2018/08/09 11:50:58.474: TServer Login Status: 0 
2018/08/09 11:50:58.949: PServer Login Status: HostId#87, Stat=1 
2018/08/09 11:50:58.955: PServer Login Status: HostId#88, Stat=1 
2018/08/09 11:50:58.961: TServer Login Status: 0 
2018/08/09 11:50:59.477: PServer Login Status: HostId#87, Stat=1 
2018/08/09 11:50:59.488: PServer Login Status: HostId#88, Stat=1 
2018/08/09 11:50:59.502: TServer Login Status: 0 
2018/08/09 11:50:59.987: PServer Login Status: HostId#87, Stat=1 
2018/08/09 11:50:59.997: PServer Login Status: HostId#88, Stat=1 
2018/08/09 11:51:00.010: TServer Login Status: 0 
2018/08/09 11:51:00.514: PServer Login Status: HostId#87, Stat=1 
2018/08/09 11:51:00.526: PServer Login Status: HostId#88, Stat=1 
2018/08/09 11:51:00.546: TServer Login Status: 0 
2018/08/09 11:51:01.024: PServer Login Status: HostId#87, Stat=1 
2018/08/09 11:51:01.034: PServer Login Status: HostId#88, Stat=1 
2018/08/09 11:51:01.058: TServer Login Status: 0 
2018/08/09 11:51:01.526: PServer Login Status: HostId#87, Stat=1 
2018/08/09 11:51:01.530: PServer Login Status: HostId#88, Stat=1 
2018/08/09 11:51:01.540: TServer Login Status: 0 
2018/08/09 11:51:02.039: PServer Login Status: HostId#87, Stat=1 
2018/08/09 11:51:02.042: PServer Login Status: HostId#88, Stat=1 
2018/08/09 11:51:02.050: TServer Login Status: 0 
2018/08/09 11:51:02.565: PServer Login Status: HostId#87, Stat=1 
2018/08/09 11:51:02.573: PServer Login Status: HostId#88, Stat=1 
2018/08/09 11:51:02.583: TServer Login Status: 0 
2018/08/09 11:51:03.070: PServer Login Status: HostId#87, Stat=1 
2018/08/09 11:51:03.073: PServer Login Status: HostId#88, Stat=1 
2018/08/09 11:51:03.080: TServer Login Status: 0 
2018/08/09 11:51:03.589: PServer Login Status: HostId#87, Stat=1 
2018/08/09 11:51:03.594: PServer Login Status: HostId#88, Stat=1 
2018/08/09 11:51:03.603: TServer Login Status: 0 
2018/08/09 11:51:04.118: PServer Login Status: HostId#87, Stat=1 
2018/08/09 11:51:04.124: PServer Login Status: HostId#88, Stat=1 
2018/08/09 11:51:04.134: TServer Login Status: 0 
2018/08/09 11:51:04.620: PServer Login Status: HostId#87, Stat=1 
2018/08/09 11:51:04.624: PServer Login Status: HostId#88, Stat=1 
2018/08/09 11:51:04.630: TServer Login Status: 0 
2018/08/09 11:51:05.146: PServer Login Status: HostId#87, Stat=1 
2018/08/09 11:51:05.155: PServer Login Status: HostId#88, Stat=1 
2018/08/09 11:51:05.165: TServer Login Status: 0 
2018/08/09 11:51:05.651: PServer Login Status: HostId#87, Stat=1 
2018/08/09 11:51:05.654: PServer Login Status: HostId#88, Stat=1 
2018/08/09 11:51:05.663: TServer Login Status: 0 
2018/08/09 11:51:06.180: PServer Login Status: HostId#87, Stat=1 
2018/08/09 11:51:06.187: PServer Login Status: HostId#88, Stat=1 
2018/08/09 11:51:06.197: TServer Login Status: 0 
2018/08/09 11:51:06.698: PServer Login Status: HostId#87, Stat=1 
2018/08/09 11:51:06.708: PServer Login Status: HostId#88, Stat=1 
2018/08/09 11:51:06.728: TServer Login Status: 0 
2018/08/09 11:51:07.212: PServer Login Status: HostId#87, Stat=1 
2018/08/09 11:51:07.226: PServer Login Status: HostId#88, Stat=1 
2018/08/09 11:51:07.241: TServer Login Status: 0 
2018/08/09 11:51:07.731: PServer Login Status: HostId#87, Stat=1 
2018/08/09 11:51:07.742: PServer Login Status: HostId#88, Stat=1 
2018/08/09 11:51:07.754: TServer Login Status: 0 
2018/08/09 11:51:08.243: PServer Login Status: HostId#87, Stat=1 
2018/08/09 11:51:08.254: PServer Login Status: HostId#88, Stat=1 
2018/08/09 11:51:08.276: TServer Login Status: 0 
2018/08/09 11:51:08.762: PServer Login Status: HostId#87, Stat=1 
2018/08/09 11:51:08.768: PServer Login Status: HostId#88, Stat=1 
2018/08/09 11:51:08.780: TServer Login Status: 0 
2018/08/09 11:51:09.275: PServer Login Status: HostId#87, Stat=1 
2018/08/09 11:51:09.281: PServer Login Status: HostId#88, Stat=1 
2018/08/09 11:51:09.293: TServer Login Status: 0 
2018/08/09 11:51:09.778: PServer Login Status: HostId#87, Stat=1 
2018/08/09 11:51:09.785: PServer Login Status: HostId#88, Stat=1 
2018/08/09 11:51:09.801: TServer Login Status: 0 
2018/08/09 11:51:10.303: PServer Login Status: HostId#87, Stat=1 
2018/08/09 11:51:10.313: PServer Login Status: HostId#88, Stat=1 
2018/08/09 11:51:10.328: TServer Login Status: 0 
2018/08/09 11:51:10.813: PServer Login Status: HostId#87, Stat=1 
2018/08/09 11:51:10.818: PServer Login Status: HostId#88, Stat=1 
2018/08/09 11:51:10.828: TServer Login Status: 0 
2018/08/09 11:51:11.339: PServer Login Status: HostId#87, Stat=1 
2018/08/09 11:51:11.347: PServer Login Status: HostId#88, Stat=1 
2018/08/09 11:51:11.359: TServer Login Status: 0 
2018/08/09 11:51:11.843: PServer Login Status: HostId#87, Stat=1 
2018/08/09 11:51:11.849: PServer Login Status: HostId#88, Stat=1 
2018/08/09 11:51:11.861: TServer Login Status: 0 
2018/08/09 11:51:12.366: PServer Login Status: HostId#87, Stat=1 
2018/08/09 11:51:12.376: PServer Login Status: HostId#88, Stat=1 
2018/08/09 11:51:12.397: TServer Login Status: 0 
2018/08/09 11:51:12.873: PServer Login Status: HostId#87, Stat=1 
2018/08/09 11:51:12.883: PServer Login Status: HostId#88, Stat=1 
2018/08/09 11:51:12.896: TServer Login Status: 0 
2018/08/09 11:51:13.402: PServer Login Status: HostId#87, Stat=1 
2018/08/09 11:51:13.412: PServer Login Status: HostId#88, Stat=1 
2018/08/09 11:51:13.426: TServer Login Status: 0 
2018/08/09 11:51:13.919: PServer Login Status: HostId#87, Stat=1 
2018/08/09 11:51:13.927: PServer Login Status: HostId#88, Stat=1 
2018/08/09 11:51:13.936: TServer Login Status: 0 
2018/08/09 11:51:14.432: PServer Login Status: HostId#87, Stat=1 
2018/08/09 11:51:14.438: PServer Login Status: HostId#88, Stat=1 
2018/08/09 11:51:14.448: TServer Login Status: 0 
2018/08/09 11:51:14.928: PServer Login Status: HostId#87, Stat=1 
2018/08/09 11:51:14.931: PServer Login Status: HostId#88, Stat=1 
2018/08/09 11:51:14.937: TServer Login Status: 0 
2018/08/09 11:51:15.465: PServer Login Status: HostId#87, Stat=1 
2018/08/09 11:51:15.476: PServer Login Status: HostId#88, Stat=1 
2018/08/09 11:51:15.496: TServer Login Status: 0 
2018/08/09 11:51:15.977: PServer Login Status: HostId#87, Stat=1 
2018/08/09 11:51:15.982: PServer Login Status: HostId#88, Stat=1 
2018/08/09 11:51:15.989: TServer Login Status: 0 
2018/08/09 11:51:16.483: PServer Login Status: HostId#87, Stat=1 
2018/08/09 11:51:16.493: PServer Login Status: HostId#88, Stat=1 
2018/08/09 11:51:16.512: TServer Login Status: 0 
2018/08/09 11:51:17.010: PServer Login Status: HostId#87, Stat=1 
2018/08/09 11:51:17.017: PServer Login Status: HostId#88, Stat=1 
2018/08/09 11:51:17.031: TServer Login Status: 0 
2018/08/09 11:51:17.518: PServer Login Status: HostId#87, Stat=1 
2018/08/09 11:51:17.521: PServer Login Status: HostId#88, Stat=1 
2018/08/09 11:51:17.528: TServer Login Status: 0 
2018/08/09 11:51:18.031: PServer Login Status: HostId#87, Stat=1 
2018/08/09 11:51:18.036: PServer Login Status: HostId#88, Stat=1 
2018/08/09 11:51:18.043: TServer Login Status: 0 
2018/08/09 11:51:18.536: PServer Login Status: HostId#87, Stat=1 
2018/08/09 11:51:18.538: PServer Login Status: HostId#88, Stat=1 
2018/08/09 11:51:18.544: TServer Login Status: 0 
2018/08/09 11:51:19.074: PServer Login Status: HostId#87, Stat=1 
2018/08/09 11:51:19.085: PServer Login Status: HostId#88, Stat=1 
2018/08/09 11:51:19.101: TServer Login Status: 0 
2018/08/09 11:51:19.568: PServer Login Status: HostId#87, Stat=1 
2018/08/09 11:51:19.570: PServer Login Status: HostId#88, Stat=1 
2018/08/09 11:51:19.575: TServer Login Status: 0 
2018/08/09 11:51:20.088: PServer Login Status: HostId#87, Stat=1 
2018/08/09 11:51:20.091: PServer Login Status: HostId#88, Stat=1 
2018/08/09 11:51:20.096: TServer Login Status: 0 
2018/08/09 11:51:20.619: PServer Login Status: HostId#87, Stat=1 
2018/08/09 11:51:20.631: PServer Login Status: HostId#88, Stat=1 
2018/08/09 11:51:20.650: TServer Login Status: 0 
2018/08/09 11:51:21.135: PServer Login Status: HostId#87, Stat=1 
2018/08/09 11:51:21.147: PServer Login Status: HostId#88, Stat=1 
2018/08/09 11:51:21.163: TServer Login Status: 0 
2018/08/09 11:51:21.655: PServer Login Status: HostId#87, Stat=1 
2018/08/09 11:51:21.666: PServer Login Status: HostId#88, Stat=1 
2018/08/09 11:51:21.680: TServer Login Status: 0 
2018/08/09 11:51:22.164: PServer Login Status: HostId#87, Stat=1 
2018/08/09 11:51:22.171: PServer Login Status: HostId#88, Stat=1 
2018/08/09 11:51:22.189: TServer Login Status: 0 
2018/08/09 11:51:22.680: PServer Login Status: HostId#87, Stat=1 
2018/08/09 11:51:22.690: PServer Login Status: HostId#88, Stat=1 
2018/08/09 11:51:22.713: TServer Login Status: 0 
2018/08/09 11:51:23.196: PServer Login Status: HostId#87, Stat=1 
2018/08/09 11:51:23.207: PServer Login Status: HostId#88, Stat=1 
2018/08/09 11:51:23.226: TServer Login Status: 0 
2018/08/09 11:51:23.701: PServer Login Status: HostId#87, Stat=1 
2018/08/09 11:51:23.707: PServer Login Status: HostId#88, Stat=1 
2018/08/09 11:51:23.722: TServer Login Status: 0 
2018/08/09 11:51:24.233: PServer Login Status: HostId#87, Stat=1 
2018/08/09 11:51:24.246: PServer Login Status: HostId#88, Stat=1 
2018/08/09 11:51:24.256: TServer Login Status: 0 
2018/08/09 11:51:24.744: PServer Login Status: HostId#87, Stat=1 
2018/08/09 11:51:24.756: PServer Login Status: HostId#88, Stat=1 
2018/08/09 11:51:24.767: TServer Login Status: 0 
2018/08/09 11:51:25.246: PServer Login Status: HostId#87, Stat=1 
2018/08/09 11:51:25.251: PServer Login Status: HostId#88, Stat=1 
2018/08/09 11:51:25.262: TServer Login Status: 0 
2018/08/09 11:51:25.788: PServer Login Status: HostId#87, Stat=1 
2018/08/09 11:51:25.794: PServer Login Status: HostId#88, Stat=1 
2018/08/09 11:51:25.804: TServer Login Status: 0 
2018/08/09 11:51:26.289: PServer Login Status: HostId#87, Stat=1 
2018/08/09 11:51:26.301: PServer Login Status: HostId#88, Stat=1 
2018/08/09 11:51:26.319: TServer Login Status: 0 
2018/08/09 11:51:26.791: PServer Login Status: HostId#87, Stat=1 
2018/08/09 11:51:26.794: PServer Login Status: HostId#88, Stat=1 
2018/08/09 11:51:26.857: TServer Login Status: 2 
2018/08/09 11:51:26.860: TServer Login Status: 4 
0000/00/00 00:00:00.862: Logging in ... 
2018/08/09 11:51:26.882: TServer Login Status: 5 
2018/08/09 11:51:26.884: Login OK ! 
0000/00/00 00:00:00.886: Account OK! 
2018/08/09 13:52:30.718: Logging in ... 
2018/08/09 13:52:30.754: Account OK! 
2018/08/09 14:03:09.693: Logging in ... 
2018/08/09 14:03:09.842: Account OK! 
2018/08/09 14:14:12.524: Logging in ... 
2018/08/09 14:14:12.603: Account OK! 
2018/08/09 14:15:29.498: Logging in ... 
2018/08/09 14:15:29.527: Account OK! 
2018/08/09 14:16:11.143: Logging in ... 
2018/08/09 14:16:11.171: Account OK! 
2018/08/09 14:24:21.284: Logging in ... 
2018/08/09 14:24:21.317: Account OK! 
2018/08/09 14:24:21.435: PServer Login Status: HostId#88, Stat=4 
2018/08/09 14:26:26.779: Start Logout ... 
2018/08/09 14:26:27.282: PServer Login Status: HostId#87, Stat=1 
2018/08/09 14:26:27.303: PServer Login Status: HostId#88, Stat=1 
2018/08/09 14:26:27.381: TServer Login Status: 2 
2018/08/09 14:26:27.382: TServer Login Status: 4 
0000/00/00 00:00:00.388: Logging in ... 
2018/08/09 14:26:27.427: TServer Login Status: 5 
2018/08/09 14:26:27.428: Login OK ! 
0000/00/00 00:00:00.434: Account OK! 
2018/08/09 14:31:52.713: Logging in ... 
2018/08/09 14:31:52.743: Account OK! 
2018/08/09 14:45:51.903: Logging in ... 
2018/08/09 14:45:52.034: Account OK! 
2018/08/09 14:55:34.058: Logging in ... 
2018/08/09 14:55:34.090: Account OK! 
2018/08/09 14:56:57.909: Logging in ... 
2018/08/09 14:56:57.943: Account OK! 
2018/08/09 20:06:31.498: Logging in ... 
2018/08/09 20:06:31.685: Account OK! 
0000/00/00 00:00:00.901: Logout OK! 
2018/08/13 10:10:02.901: Start Connect (Host: demo.spsystem.info:80)... 
2018/08/13 10:10:02.902: TServer Login Status: 1 
2018/08/13 10:10:03.007: TServer Login Status: 2 
2018/08/13 10:10:03.039: TServer Login Status: 4 
2018/08/13 10:10:03.042: Logging in ... 
2018/08/13 10:10:03.072: PServer Login Status: HostId#83, Stat=11 
2018/08/13 10:10:03.075: PServer Login Status: HostId#87, Stat=11 
2018/08/13 10:10:03.076: PServer Login Status: HostId#88, Stat=11 
0000/00/00 00:00:00.077: TServer Login Status: 5 
2018/08/13 10:10:03.080: Login OK ! 
2018/08/13 10:10:03.084: Account OK! 
2018/08/13 10:10:03.084: Business Date : 1534003200 
2018/08/13 10:10:03.105: Load Data End: acc:, mask:128 
2018/08/13 10:10:03.128: Load Data End: acc:DEMO201807219, mask:64 
2018/08/13 10:10:03.128: Load Data End: acc:DEMO201807219, mask:2 
2018/08/13 10:10:03.129: Load Data End: acc:DEMO201807219, mask:4 
2018/08/13 10:10:03.129: Load Data End: acc:DEMO201807219, mask:8 
2018/08/13 10:10:03.130: PServer Login Status: HostId#83, Stat=1 
2018/08/13 10:10:03.130: PServer Login Status: HostId#87, Stat=1 
2018/08/13 10:10:03.131: PServer Login Status: HostId#88, Stat=1 
2018/08/13 10:10:03.131: Load Data Reply: acc:DEMO201807219, mask:256, return:0 
2018/08/13 10:10:03.163: PServer Login Status: HostId#83, Stat=4 
2018/08/13 10:10:03.210: PServer Login Status: HostId#87, Stat=4 
2018/08/13 10:10:03.212: PServer Login Status: HostId#88, Stat=4 
2018/08/13 10:10:03.577: PServer Login Status: HostId#83, Stat=5 
2018/08/13 10:10:04.154: PServer Login Status: HostId#88, Stat=5 
2018/08/13 10:10:04.174: PServer Login Status: HostId#87, Stat=5 
0000/00/00 00:00:00.351: TServer Login Status: 6 
2018/08/13 10:19:45.356: PServer Login Status: HostId#83, Stat=6 
2018/08/13 10:19:45.365: PServer Login Status: HostId#87, Stat=6 
2018/08/13 10:19:45.375: PServer Login Status: HostId#88, Stat=6 
2563/01/09 12:12:49.388: Start Logout ... 
2018/08/13 10:19:45.390: PServer Login Status: HostId#83, Stat=7 
2018/08/13 10:24:59.504: Logging in ... 
2018/08/13 10:24:59.553: Account OK! 
0000/00/00 00:00:00.216: Logout OK! 
2018/08/13 10:26:14.215: Logging in ... 
2018/08/13 10:26:14.243: Account OK! 
2018/08/13 16:40:06.098: Logging in ... 
2018/08/13 16:40:06.123: Account OK! 
2018/08/13 16:40:51.658: Load Data Reply: acc:DEMO201807219, mask:32, return:0 
2018/08/13 16:49:57.772: Logging in ... 
2018/08/13 16:49:57.799: Account OK! 
0000/00/00 00:00:00.776: Start Logout ... 
0000/00/00 00:00:00.806: Logout OK! 
2018/08/13 16:50:03.847: TServer Login Status: 0 
2018/08/13 16:50:07.565: Start Logout ... 
2018/08/13 16:50:09.333: Start Logout ... 
2018/08/13 16:50:09.877: Start Logout ... 
2018/08/13 16:50:10.189: Start Logout ... 
2018/08/13 16:50:10.844: Start Logout ... 
2018/08/13 16:50:12.296: TServer Login Status: 0 
2018/08/13 16:50:13.482: TServer Login Status: 2 
2018/08/13 16:50:13.487: TServer Login Status: 4 
0000/00/00 00:00:00.494: Logging in ... 
0000/00/00 00:00:00.524: TServer Login Status: 5 
2018/08/13 16:50:13.527: Login OK ! 
0000/00/00 00:00:00.530: Account OK! 
2018/08/13 16:51:04.561: Start Logout ... 
2018/08/13 16:51:05.211: TServer Login Status: 2 
2018/08/13 16:51:05.217: TServer Login Status: 4 
0000/00/00 00:00:00.239: Logging in ... 
2018/08/13 16:51:05.243: PServer Login Status: HostId#83, Stat=11 
2018/08/13 16:51:05.250: PServer Login Status: HostId#87, Stat=11 
2018/08/13 16:51:05.262: PServer Login Status: HostId#88, Stat=11 
0000/00/00 00:00:00.270: TServer Login Status: 5 
2018/08/13 16:51:05.277: Login OK ! 
0000/00/00 00:00:00.282: Account OK! 
2018/08/13 16:51:08.037: TServer Login Status: 6 
2018/08/13 16:51:08.038: PServer Login Status: HostId#83, Stat=6 
2018/08/13 16:51:08.038: PServer Login Status: HostId#87, Stat=6 
2018/08/13 16:51:08.039: PServer Login Status: HostId#88, Stat=6 
2018/08/13 16:51:08.039: Start Logout ... 
0000/00/00 00:00:00.079: Logout OK! 
2018/08/13 16:51:11.205: TServer Login Status: 0 
2018/08/14 11:25:37.447: Logging in ... 
2018/08/14 11:25:37.489: Account OK! 
2018/08/14 11:29:41.366: Logging in ... 
2018/08/14 11:29:41.391: Account OK! 
2018/08/14 11:31:13.156: Logging in ... 
2018/08/14 11:31:13.180: Account OK! 
2018/08/14 11:42:55.162: Logging in ... 
2018/08/14 11:42:55.546: Account OK! 
2018/08/14 11:42:55.638: PServer Login Status: HostId#87, Stat=4 
2018/08/14 11:42:55.649: PServer Login Status: HostId#88, Stat=4 
2018/08/14 11:48:12.256: Start Logout ... 
2018/08/14 11:48:12.554: PServer Login Status: HostId#87, Stat=1 
2018/08/14 11:48:12.559: PServer Login Status: HostId#88, Stat=1 
2018/08/14 11:48:12.629: TServer Login Status: 2 
2018/08/14 11:48:12.638: TServer Login Status: 4 
0000/00/00 00:00:00.649: Logging in ... 
2018/08/14 11:48:12.676: TServer Login Status: 5 
2018/08/14 11:48:12.685: Login OK ! 
0000/00/00 00:00:00.691: Account OK! 
2018/08/14 13:15:32.803: Logging in ... 
2018/08/14 13:15:32.832: Account OK! 
2018/08/14 13:19:10.539: Logging in ... 
2018/08/14 13:19:10.612: Account OK! 
2018/08/14 13:19:17.120: PServer Login Status: HostId#87, Stat=4 
2018/08/14 13:19:58.607: Logging in ... 
2018/08/14 13:19:58.647: Account OK! 
2018/08/14 13:26:14.001: Logging in ... 
2018/08/14 13:26:14.034: Account OK! 
2018/08/14 13:31:39.825: Logging in ... 
2018/08/14 13:31:39.856: Account OK! 
2018/08/14 13:32:12.762: Logging in ... 
2018/08/14 13:32:12.921: Account OK! 
2018/08/14 13:34:18.292: PServer Login Status: HostId#87, Stat=1 
2018/08/14 13:34:18.293: PServer Login Status: HostId#88, Stat=1 
2018/08/14 13:34:18.297: Start Logout ... 
2018/08/14 13:34:18.860: TServer Login Status: 2 
2018/08/14 13:34:18.863: TServer Login Status: 4 
0000/00/00 00:00:00.869: Logging in ... 
2018/08/14 13:34:18.925: PServer Login Status: HostId#87, Stat=11 
2018/08/14 13:34:18.929: PServer Login Status: HostId#88, Stat=11 
0000/00/00 00:00:00.934: TServer Login Status: 5 
2018/08/14 13:34:18.943: Login OK ! 
0000/00/00 00:00:00.950: Account OK! 
2018/08/14 13:34:18.988: Load Data End: acc:, mask:128 
2018/08/14 13:34:19.013: Load Data End: acc:DEMO201807219, mask:64 
2018/08/14 13:34:19.014: Load Data End: acc:DEMO201807219, mask:2 
2018/08/14 13:34:19.015: Load Data End: acc:DEMO201807219, mask:4 
2018/08/14 13:34:19.016: Load Data End: acc:DEMO201807219, mask:8 
2018/08/14 13:34:19.029: Load Data Reply: acc:DEMO201807219, mask:256, return:0 
2018/08/14 13:35:18.571: Logging in ... 
2018/08/14 13:35:18.610: Account OK! 
2018/08/14 14:31:49.414: Logging in ... 
2018/08/14 14:31:49.441: Account OK! 
2018/08/14 14:32:44.158: Logging in ... 
2018/08/14 14:32:44.210: Account OK! 
2018/08/14 14:33:56.043: Logging in ... 
2018/08/14 14:33:56.187: Account OK! 
2018/08/14 14:43:27.033: Logging in ... 
2018/08/14 14:43:27.063: Account OK! 
2018/08/14 14:44:09.309: Logging in ... 
2018/08/14 14:44:09.445: Account OK! 
2018/08/14 14:46:57.293: Logging in ... 
2018/08/14 14:46:57.328: Account OK! 
2018/08/14 14:50:51.841: Logging in ... 
2018/08/14 14:50:51.876: Account OK! 
2018/08/14 14:58:18.875: Logging in ... 
2018/08/14 14:58:18.903: Account OK! 
2018/08/14 15:22:34.326: Logging in ... 
2018/08/14 15:22:34.373: Account OK! 
2018/08/14 15:23:50.505: Logging in ... 
2018/08/14 15:23:50.526: Account OK! 
2018/08/14 15:28:02.562: Logging in ... 
2018/08/14 15:28:02.593: Account OK! 
2018/08/14 15:32:51.836: Logging in ... 
2018/08/14 15:32:51.869: Account OK! 
2018/08/14 15:33:26.643: Logging in ... 
2018/08/14 15:33:26.666: Account OK! 
2018/08/14 15:34:58.493: Logging in ... 
2018/08/14 15:34:58.651: Account OK! 
2018/08/14 15:38:57.746: Logging in ... 
2018/08/14 15:38:57.797: Account OK! 
2018/08/14 15:41:51.022: Logging in ... 
2018/08/14 15:41:51.050: Account OK! 
2018/08/14 15:48:07.611: Logging in ... 
2018/08/14 15:48:07.933: Account OK! 
2018/08/14 15:49:24.261: Logging in ... 
2018/08/14 15:49:24.287: Account OK! 
2018/08/14 15:51:08.142: Logging in ... 
2018/08/14 15:51:08.178: Account OK! 
2018/08/14 16:24:08.992: Logging in ... 
2018/08/14 16:24:09.027: Account OK! 
2018/08/15 11:07:41.049: Logging in ... 
2018/08/15 11:07:41.078: Account OK! 
2018/08/15 11:22:29.895: Logging in ... 
2018/08/15 11:22:29.935: Account OK! 
2018/08/15 11:23:14.088: Logging in ... 
2018/08/15 11:23:14.221: Account OK! 
2018/08/15 11:23:49.541: Logging in ... 
2018/08/15 11:23:49.579: Account OK! 
2018/08/15 13:42:17.571: Logging in ... 
2018/08/15 13:42:17.610: Account OK! 
2018/08/15 13:54:17.490: Logging in ... 
2018/08/15 13:54:17.528: Account OK! 
2018/08/15 13:54:20.599: PServer Login Status: HostId#88, Stat=4 
2018/08/15 14:04:07.296: Logging in ... 
2018/08/15 14:04:07.436: Account OK! 
2018/08/15 14:05:12.891: Logging in ... 
2018/08/15 14:05:12.922: Account OK! 
0000/00/00 00:00:00.000: Logout OK! 
2018/08/15 14:11:34.707: Logging in ... 
2018/08/15 14:11:37.928: TServer Login Status: 2 
2018/08/15 14:11:37.929: TServer Login Status: 4 
0000/00/00 00:00:00.930: Logging in ... 
2018/08/15 14:11:37.961: Account OK! 
2018/08/15 14:17:44.686: Logging in ... 
2018/08/15 14:17:44.844: Account OK! 
2018/08/15 14:19:30.922: Logging in ... 
2018/08/15 14:19:30.958: Account OK! 
2018/08/15 14:24:03.245: Logging in ... 
2018/08/15 14:24:03.282: Account OK! 
2018/08/15 14:26:16.163: Logging in ... 
2018/08/15 14:26:16.208: Account OK! 
0000/00/00 00:00:00.337: Logout OK! 
2018/08/15 14:51:59.631: Logging in ... 
2018/08/15 14:51:59.656: Account OK! 
2018/08/15 15:07:15.892: Logging in ... 
2018/08/15 15:07:15.924: Account OK! 
2018/08/15 15:07:59.716: Logging in ... 
2018/08/15 15:07:59.752: Account OK! 
2018/08/15 15:10:52.981: Logging in ... 
2018/08/15 15:10:53.010: Account OK! 
2018/08/15 15:10:56.082: PServer Login Status: HostId#87, Stat=4 
2018/08/15 15:12:38.020: Logging in ... 
2018/08/15 15:12:38.043: Account OK! 
0000/00/00 00:00:00.900: Logout OK! 
2018/08/15 15:14:01.942: Logging in ... 
2018/08/15 15:14:01.999: Account OK! 
2018/08/15 15:14:02.321: PServer Login Status: HostId#87, Stat=1 
2018/08/15 15:14:02.338: Load Data Reply: acc:DEMO201807219, mask:256, return:0 
0000/00/00 00:00:00.641: Logout OK! 
2018/08/15 15:20:52.097: Logging in ... 
2018/08/15 15:20:52.119: Account OK! 
2018/08/15 15:21:47.997: Logging in ... 
2018/08/15 15:21:48.031: Account OK! 
2018/08/15 15:35:43.421: Logging in ... 
2018/08/15 15:35:43.466: Account OK! 
2018/08/15 16:02:46.422: Logging in ... 
2018/08/15 16:02:46.459: Account OK! 
0000/00/00 00:00:00.878: Logout OK! 
2018/08/15 16:32:12.473: Logging in ... 
2018/08/15 16:32:12.502: Account OK! 
2018/08/15 16:43:13.018: Logging in ... 
2018/08/15 16:43:13.050: Account OK! 
2018/08/15 16:43:43.683: Logging in ... 
2018/08/15 16:43:43.711: Account OK! 
2018/08/15 16:45:47.628: Logging in ... 
2018/08/15 16:45:47.673: Account OK! 
2018/08/15 16:46:40.711: Logging in ... 
2018/08/15 16:46:40.742: Account OK! 
2018/08/15 16:47:11.749: Logging in ... 
2018/08/15 16:47:11.787: Account OK! 
2018/08/15 17:04:23.422: Logging in ... 
2018/08/15 17:04:23.451: Account OK! 
2018/08/15 17:05:34.045: Logging in ... 
2018/08/15 17:05:34.081: Account OK! 
2018/08/15 17:09:46.605: Logging in ... 
2018/08/15 17:09:46.630: Account OK! 
2018/08/15 17:10:25.418: Logging in ... 
2018/08/15 17:10:25.729: Account OK! 
2018/08/15 17:11:18.917: Logging in ... 
2018/08/15 17:11:18.951: Account OK! 
2018/08/15 17:12:22.178: Logging in ... 
2018/08/15 17:12:22.206: Account OK! 
2018/08/15 17:21:23.120: Logging in ... 
2018/08/15 17:21:23.298: Account OK! 
2018/08/15 17:21:49.840: Logging in ... 
2018/08/15 17:21:49.992: Account OK! 
2018/08/15 17:22:38.513: Logging in ... 
2018/08/15 17:22:38.573: Account OK! 
2018/08/15 17:22:41.750: PServer Login Status: HostId#87, Stat=4 
2018/08/15 17:23:33.201: Logging in ... 
2018/08/15 17:23:33.442: Account OK! 
2018/08/15 17:23:44.932: Logging in ... 
2018/08/15 17:23:44.959: Account OK! 
2018/08/15 17:24:07.559: Logging in ... 
2018/08/15 17:24:07.590: Account OK! 
2018/08/15 17:24:38.578: Logging in ... 
2018/08/15 17:24:38.615: Account OK! 
0000/00/00 00:00:00.346: Logout OK! 
2018/08/15 17:41:32.544: Logging in ... 
2018/08/15 17:41:32.582: Account OK! 
2018/08/16 11:13:29.110: Logging in ... 
2018/08/16 11:13:29.146: Account OK! 
0000/00/00 00:00:00.898: Logout OK! 
2018/08/16 11:29:28.578: Logging in ... 
2018/08/16 11:29:28.937: Account OK! 
0000/00/00 00:00:00.335: Logout OK! 
2018/08/16 13:37:05.801: Logging in ... 
2018/08/16 13:37:05.843: Account OK! 
2018/08/16 13:49:17.567: Logging in ... 
2018/08/16 13:49:17.591: Account OK! 
2018/08/16 13:50:14.775: Logging in ... 
2018/08/16 13:50:14.828: Account OK! 
2018/08/16 13:51:20.253: Logging in ... 
2018/08/16 13:51:20.277: Account OK! 
2018/08/16 13:55:21.456: Logging in ... 
2018/08/16 13:55:21.500: Account OK! 
2018/08/16 14:08:16.063: Logging in ... 
2018/08/16 14:08:16.111: Account OK! 
2018/08/16 14:12:42.699: Logging in ... 
2018/08/16 14:12:42.820: Account OK! 
2018/08/16 14:27:08.522: Logging in ... 
2018/08/16 14:27:08.553: Account OK! 
2018/08/16 14:28:10.215: Logging in ... 
2018/08/16 14:28:10.545: Account OK! 
2018/08/16 14:31:52.327: Logging in ... 
2018/08/16 14:31:52.363: Account OK! 
2018/08/16 14:35:59.248: Logging in ... 
2018/08/16 14:35:59.286: Account OK! 
2018/08/16 14:36:31.686: Logging in ... 
2018/08/16 14:36:31.725: Account OK! 
2018/08/16 14:37:09.711: Logging in ... 
2018/08/16 14:37:09.774: Account OK! 
2018/08/16 14:37:51.037: Logging in ... 
2018/08/16 14:37:51.141: Account OK! 
2018/08/16 14:40:55.123: Logging in ... 
2018/08/16 14:40:55.151: Account OK! 
2018/08/16 14:40:58.254: PServer Login Status: HostId#87, Stat=4 
0000/00/00 00:00:00.955: Logout OK! 
2018/08/16 14:45:15.096: Logging in ... 
2018/08/16 14:45:15.130: Account OK! 
0000/00/00 00:00:00.782: Logout OK! 
2018/08/16 14:57:56.435: Logging in ... 
2018/08/16 14:57:56.477: Account OK! 
0000/00/00 00:00:00.720: Logout OK! 
2018/08/16 14:58:45.071: Logging in ... 
2018/08/16 14:58:45.102: Account OK! 
2018/08/16 15:05:46.961: Logging in ... 
2018/08/16 15:05:46.990: Account OK! 
2018/08/16 15:19:44.051: Logging in ... 
2018/08/16 15:19:44.347: Account OK! 
2018/08/16 15:29:49.468: Logging in ... 
2018/08/16 15:29:49.496: Account OK! 
0000/00/00 00:00:00.315: Logout OK! 
2018/08/16 15:37:13.750: Logging in ... 
2018/08/16 15:37:13.802: Account OK! 
2018/08/16 15:51:08.942: Logging in ... 
2018/08/16 15:51:08.981: Account OK! 
0000/00/00 00:00:00.362: Logout OK! 
2018/08/17 11:36:24.052: Logging in ... 
2018/08/17 11:36:24.078: Account OK! 
2018/08/17 13:29:36.913: Logging in ... 
2018/08/17 13:29:36.960: Account OK! 
2018/08/17 15:23:50.613: Logging in ... 
2018/08/17 15:23:50.634: Account OK! 
2018/08/17 15:25:57.046: Logging in ... 
2018/08/17 15:25:57.066: Account OK! 
2018/08/17 15:36:11.124: Logging in ... 
2018/08/17 15:36:11.166: Account OK! 
2018/08/17 15:36:40.561: Logging in ... 
2018/08/17 15:36:40.588: Account OK! 
2018/08/17 15:39:43.882: Logging in ... 
2018/08/17 15:39:43.922: Account OK! 
2018/08/17 15:54:02.908: Logging in ... 
2018/08/17 15:54:02.942: Account OK! 
0000/00/00 00:00:00.001: PServer Login Status: HostId#88, Stat=1 
2018/08/17 15:56:31.906: Logging in ... 
2018/08/17 15:56:31.947: Account OK! 
2018/08/17 15:56:32.345: PServer Login Status: HostId#87, Stat=1 
2018/08/17 15:56:32.361: PServer Login Status: HostId#87, Stat=4 
2018/08/17 15:56:32.513: PServer Login Status: HostId#88, Stat=4 
2018/08/17 15:57:14.911: Logging in ... 
2018/08/17 15:57:14.936: Account OK! 
2018/08/17 15:59:01.780: Logging in ... 
2018/08/17 15:59:02.246: Account OK! 
2018/08/17 16:02:46.051: Logging in ... 
2018/08/17 16:02:46.081: Account OK! 
2018/08/17 16:04:15.118: Logging in ... 
2018/08/17 16:04:15.155: Account OK! 
2018/08/17 16:07:19.046: Logging in ... 
2018/08/17 16:07:19.080: Account OK! 
2018/08/17 16:09:09.988: Logging in ... 
2018/08/17 16:09:10.028: Account OK! 
2018/08/17 16:09:13.134: PServer Login Status: HostId#88, Stat=4 
2018/08/17 16:14:49.307: PServer Login Status: HostId#88, Stat=1 
2018/08/17 16:15:31.805: PServer Login Status: HostId#87, Stat=6 
2018/08/17 16:15:31.826: PServer Login Status: HostId#88, Stat=6 
2018/08/17 16:15:31.838: Start Logout ... 
2018/08/17 16:15:53.122: TServer Login Status: 0 
2018/08/17 16:16:14.255: TServer Login Status: 0 
2018/08/17 16:16:23.879: TServer Login Status: 2 
2018/08/17 16:16:23.895: TServer Login Status: 4 
0000/00/00 00:00:00.913: Logging in ... 
2018/08/17 16:16:23.928: PServer Login Status: HostId#83, Stat=11 
2018/08/17 16:16:23.936: PServer Login Status: HostId#87, Stat=11 
2018/08/17 16:16:23.948: PServer Login Status: HostId#88, Stat=11 
0000/00/00 00:00:00.958: TServer Login Status: 5 
2018/08/17 16:16:23.968: Login OK ! 
0000/00/00 00:00:00.979: Account OK! 
2018/08/17 16:16:27.655: PServer Login Status: HostId#88, Stat=4 
2018/08/17 16:20:47.166: Logging in ... 
2018/08/17 16:20:47.473: Account OK! 
2018/08/17 16:20:48.125: PServer Login Status: HostId#87, Stat=1 
2018/08/17 16:20:48.336: PServer Login Status: HostId#88, Stat=4 
2018/08/17 16:20:48.510: Load Data Reply: acc:DEMO201807219, mask:256, return:0 
2018/08/17 16:38:41.482: Logging in ... 
2018/08/17 16:38:41.525: Account OK! 
2018/08/20 10:30:47.853: Logging in ... 
2018/08/20 10:30:47.890: Account OK! 
2018/08/20 11:01:24.277: Logging in ... 
2018/08/20 11:01:24.340: Account OK! 
0000/00/00 00:00:00.913: Logout OK! 
2018/08/20 15:12:11.824: Logging in ... 
2018/08/20 15:12:11.847: Account OK! 
0000/00/00 00:00:00.307: Logout OK! 
2018/08/20 15:17:04.913: Logging in ... 
2018/08/20 15:17:04.945: Account OK! 
2018/08/21 15:11:06.539: Logging in ... 
2018/08/21 15:11:09.771: TServer Login Status: 2 
2018/08/21 15:11:09.782: TServer Login Status: 4 
0000/00/00 00:00:00.786: Logging in ... 
2018/08/21 15:20:06.664: Logging in ... 
2018/08/21 15:20:07.495: Account OK! 
2018/08/21 15:20:08.110: PServer Login Status: HostId#87, Stat=1 
2018/08/21 15:20:08.129: PServer Login Status: HostId#87, Stat=4 
2018/08/21 15:20:08.328: PServer Login Status: HostId#88, Stat=4 
2018/08/21 15:20:08.631: Load Data Reply: acc:DEMO201807219, mask:256, return:0 
2018/08/21 15:22:41.113: Logging in ... 
2018/08/21 15:22:41.365: Account OK! 
0000/00/00 00:00:00.813: Logout OK! 
2018/08/21 15:23:32.524: Logging in ... 
2018/08/21 15:23:32.564: Account OK! 
2018/08/21 15:39:05.053: Logging in ... 
2018/08/21 15:39:05.237: Account OK! 
2018/08/21 15:39:05.717: PServer Login Status: HostId#88, Stat=4 
2018/08/21 15:46:48.665: Logging in ... 
2018/08/21 15:46:48.724: Account OK! 
2018/08/21 15:48:51.087: Logging in ... 
2018/08/21 15:48:51.142: Account OK! 
2018/08/21 15:55:17.286: Logging in ... 
2018/08/21 15:55:17.373: Account OK! 
2018/08/21 15:57:38.708: Logging in ... 
2018/08/21 15:57:38.753: Account OK! 
2018/08/21 16:10:51.470: Logging in ... 
2018/08/21 16:10:51.505: Account OK! 
2018/08/21 16:12:07.123: Logging in ... 
2018/08/21 16:13:34.672: Logging in ... 
2018/08/21 16:13:34.696: Account OK! 
2018/08/21 16:46:11.006: Start Logout ... 
2018/08/21 16:46:11.576: TServer Login Status: 2 
2018/08/21 16:46:11.582: TServer Login Status: 4 
0000/00/00 00:00:00.587: Logging in ... 
2018/08/21 16:46:11.640: PServer Login Status: HostId#83, Stat=11 
2018/08/21 16:46:11.641: PServer Login Status: HostId#87, Stat=11 
0000/00/00 00:00:00.642: TServer Login Status: 5 
2018/08/21 16:46:11.644: Login OK ! 
0000/00/00 00:00:00.645: Account OK! 
2018/08/21 16:46:12.492: Load Data End: acc:DEMO201807219, mask:64 
2018/08/21 16:46:12.493: Load Data End: acc:DEMO201807219, mask:2 
2018/08/21 16:46:12.495: Load Data End: acc:DEMO201807219, mask:4 
2018/08/21 16:46:12.497: Load Data End: acc:DEMO201807219, mask:8 
2018/08/21 16:46:12.503: Load Data Reply: acc:DEMO201807219, mask:256, return:0 
2018/08/21 18:04:23.970: Logging in ... 
2018/08/21 18:04:24.017: Account OK! 
2018/08/21 18:04:27.049: PServer Login Status: HostId#83, Stat=4 
2018/08/21 18:53:33.024: Logging in ... 
2018/08/21 18:53:33.061: Account OK! 
2018/08/21 18:53:49.049: Logging in ... 
2018/08/21 18:53:49.180: Account OK! 
0000/00/00 00:00:00.448: Logout OK! 
2018/08/22 09:13:25.745: Logging in ... 
2018/08/22 09:13:25.778: Account OK! 
0000/00/00 00:00:00.626: Logout OK! 
2018/08/22 09:18:06.744: Logging in ... 
2018/08/22 09:18:06.805: Account OK! 
